2014-12-05 02:20:43,554 [Worker-0] INFO  o.e.m.c.i.embedder.EclipseLogger - Using 'UTF-8' encoding to copy filtered resources.
2014-12-05 02:20:43,562 [Worker-0] INFO  o.e.m.c.i.embedder.EclipseLogger - skip non existing resourceDirectory /home/jawad/newik2200/ik2200/ycsb/YCSB-master/core/src/main/resources
2014-12-05 02:20:43,568 [Worker-0] INFO  o.e.m.c.i.embedder.EclipseLogger - Using 'UTF-8' encoding to copy filtered resources.
2014-12-05 02:20:43,568 [Worker-0] INFO  o.e.m.c.i.embedder.EclipseLogger - skip non existing resourceDirectory /home/jawad/newik2200/ik2200/ycsb/YCSB-master/core/src/test/resources
2014-12-05 02:20:43,856 [Worker-0] INFO  o.e.m.c.i.embedder.EclipseLogger - Using 'UTF-8' encoding to copy filtered resources.
2014-12-05 02:20:43,856 [Worker-0] INFO  o.e.m.c.i.embedder.EclipseLogger - skip non existing resourceDirectory /home/jawad/newik2200/ik2200/ycsb/YCSB-master/csd/src/main/resources
2014-12-05 02:20:43,860 [Worker-0] INFO  o.e.m.c.i.embedder.EclipseLogger - Using 'UTF-8' encoding to copy filtered resources.
2014-12-05 02:20:43,860 [Worker-0] INFO  o.e.m.c.i.embedder.EclipseLogger - skip non existing resourceDirectory /home/jawad/newik2200/ik2200/ycsb/YCSB-master/csd/src/test/resources
2014-12-05 02:35:00,329 [Worker-4] INFO  o.e.m.c.i.embedder.EclipseLogger - Using 'UTF-8' encoding to copy filtered resources.
2014-12-05 02:35:00,334 [Worker-4] INFO  o.e.m.c.i.embedder.EclipseLogger - skip non existing resourceDirectory /home/jawad/newik2200/ik2200/ycsb/YCSB-master/core/src/main/resources
2014-12-05 02:35:00,337 [Worker-4] INFO  o.e.m.c.i.embedder.EclipseLogger - Using 'UTF-8' encoding to copy filtered resources.
2014-12-05 02:35:00,338 [Worker-4] INFO  o.e.m.c.i.embedder.EclipseLogger - skip non existing resourceDirectory /home/jawad/newik2200/ik2200/ycsb/YCSB-master/core/src/test/resources
2014-12-05 02:35:00,359 [Worker-4] INFO  o.e.m.c.i.embedder.EclipseLogger - Using 'UTF-8' encoding to copy filtered resources.
2014-12-05 02:35:00,360 [Worker-4] INFO  o.e.m.c.i.embedder.EclipseLogger - skip non existing resourceDirectory /home/jawad/newik2200/ik2200/ycsb/YCSB-master/csd/src/main/resources
2014-12-05 02:35:00,364 [Worker-4] INFO  o.e.m.c.i.embedder.EclipseLogger - Using 'UTF-8' encoding to copy filtered resources.
2014-12-05 02:35:00,364 [Worker-4] INFO  o.e.m.c.i.embedder.EclipseLogger - skip non existing resourceDirectory /home/jawad/newik2200/ik2200/ycsb/YCSB-master/csd/src/test/resources
2014-12-05 03:14:02,575 [Worker-4] INFO  o.e.m.c.i.embedder.EclipseLogger - Using 'UTF-8' encoding to copy filtered resources.
2014-12-05 03:14:02,588 [Worker-4] INFO  o.e.m.c.i.embedder.EclipseLogger - skip non existing resourceDirectory /home/jawad/newik2200/ik2200/ycsb/YCSB-master/csd/src/main/resources
2014-12-05 03:14:02,591 [Worker-4] INFO  o.e.m.c.i.embedder.EclipseLogger - Using 'UTF-8' encoding to copy filtered resources.
2014-12-05 03:14:02,591 [Worker-4] INFO  o.e.m.c.i.embedder.EclipseLogger - skip non existing resourceDirectory /home/jawad/newik2200/ik2200/ycsb/YCSB-master/csd/src/test/resources
2014-12-05 11:54:12,510 [Worker-17] INFO  o.e.m.c.i.embedder.EclipseLogger - Using 'UTF-8' encoding to copy filtered resources.
2014-12-05 11:54:12,564 [Worker-17] INFO  o.e.m.c.i.embedder.EclipseLogger - skip non existing resourceDirectory /home/jawad/newik2200/ik2200/ycsb/YCSB-master/core/src/main/resources
2014-12-05 11:54:12,572 [Worker-17] INFO  o.e.m.c.i.embedder.EclipseLogger - Using 'UTF-8' encoding to copy filtered resources.
2014-12-05 11:54:12,572 [Worker-17] INFO  o.e.m.c.i.embedder.EclipseLogger - skip non existing resourceDirectory /home/jawad/newik2200/ik2200/ycsb/YCSB-master/core/src/test/resources
2014-12-05 11:54:12,880 [Worker-17] INFO  o.e.m.c.i.embedder.EclipseLogger - Using 'UTF-8' encoding to copy filtered resources.
2014-12-05 11:54:12,880 [Worker-17] INFO  o.e.m.c.i.embedder.EclipseLogger - skip non existing resourceDirectory /home/jawad/newik2200/ik2200/ycsb/YCSB-master/csd/src/main/resources
2014-12-05 11:54:12,883 [Worker-17] INFO  o.e.m.c.i.embedder.EclipseLogger - Using 'UTF-8' encoding to copy filtered resources.
2014-12-05 11:54:12,883 [Worker-17] INFO  o.e.m.c.i.embedder.EclipseLogger - skip non existing resourceDirectory /home/jawad/newik2200/ik2200/ycsb/YCSB-master/csd/src/test/resources
2014-12-06 04:34:02,484 [Worker-11] INFO  o.e.m.c.i.l.LifecycleMappingFactory - Using org.eclipse.m2e.jdt.JarLifecycleMapping lifecycle mapping for MavenProject: com.yahoo.ycsb:elasticsearch-binding:0.1.4 @ /home/jawad/newik2200/ik2200/ycsb/YCSB-master/csd/pom.xml.
2014-12-06 04:39:02,569 [Worker-7] INFO  o.e.m.i.launch.MavenLaunchDelegate - /home/jawad/newik2200/ik2200/ycsb/YCSB-master/csd
2014-12-06 04:39:02,587 [Worker-7] INFO  o.e.m.i.launch.MavenLaunchDelegate -  mvn  -B clean
2014-12-06 04:44:23,410 [Worker-9] INFO  o.e.m.c.i.embedder.EclipseLogger - Using 'UTF-8' encoding to copy filtered resources.
2014-12-06 04:44:23,411 [Worker-9] INFO  o.e.m.c.i.embedder.EclipseLogger - skip non existing resourceDirectory /home/jawad/newik2200/ik2200/ycsb/YCSB-master/core/src/main/resources
2014-12-06 04:44:23,415 [Worker-9] INFO  o.e.m.c.i.embedder.EclipseLogger - Using 'UTF-8' encoding to copy filtered resources.
2014-12-06 04:44:23,415 [Worker-9] INFO  o.e.m.c.i.embedder.EclipseLogger - skip non existing resourceDirectory /home/jawad/newik2200/ik2200/ycsb/YCSB-master/core/src/test/resources
2014-12-06 04:44:23,742 [Worker-9] INFO  o.e.m.c.i.embedder.EclipseLogger - Using 'UTF-8' encoding to copy filtered resources.
2014-12-06 04:44:23,743 [Worker-9] INFO  o.e.m.c.i.embedder.EclipseLogger - skip non existing resourceDirectory /home/jawad/newik2200/ik2200/ycsb/YCSB-master/csd/src/main/resources
2014-12-06 04:44:23,759 [Worker-9] INFO  o.e.m.c.i.embedder.EclipseLogger - Using 'UTF-8' encoding to copy filtered resources.
2014-12-06 04:44:23,760 [Worker-9] INFO  o.e.m.c.i.embedder.EclipseLogger - skip non existing resourceDirectory /home/jawad/newik2200/ik2200/ycsb/YCSB-master/csd/src/test/resources
2014-12-07 01:14:13,069 [Worker-9] INFO  o.e.m.c.i.embedder.EclipseLogger - Using 'UTF-8' encoding to copy filtered resources.
2014-12-07 01:14:13,095 [Worker-9] INFO  o.e.m.c.i.embedder.EclipseLogger - skip non existing resourceDirectory /home/jawad/newik2200/ik2200/ycsb/YCSB-master/core/src/main/resources
2014-12-07 01:14:13,105 [Worker-9] INFO  o.e.m.c.i.embedder.EclipseLogger - Using 'UTF-8' encoding to copy filtered resources.
2014-12-07 01:14:13,106 [Worker-9] INFO  o.e.m.c.i.embedder.EclipseLogger - skip non existing resourceDirectory /home/jawad/newik2200/ik2200/ycsb/YCSB-master/core/src/test/resources
2014-12-07 01:14:15,107 [Worker-9] INFO  o.e.m.c.i.embedder.EclipseLogger - Using 'UTF-8' encoding to copy filtered resources.
2014-12-07 01:14:15,108 [Worker-9] INFO  o.e.m.c.i.embedder.EclipseLogger - skip non existing resourceDirectory /home/jawad/newik2200/ik2200/ycsb/YCSB-master/csd/src/main/resources
2014-12-07 01:14:15,114 [Worker-9] INFO  o.e.m.c.i.embedder.EclipseLogger - Using 'UTF-8' encoding to copy filtered resources.
2014-12-07 01:14:15,114 [Worker-9] INFO  o.e.m.c.i.embedder.EclipseLogger - skip non existing resourceDirectory /home/jawad/newik2200/ik2200/ycsb/YCSB-master/csd/src/test/resources
2014-12-07 02:34:29,091 [Worker-43] INFO  o.e.m.c.i.embedder.EclipseLogger - Using 'UTF-8' encoding to copy filtered resources.
2014-12-07 02:34:29,104 [Worker-43] INFO  o.e.m.c.i.embedder.EclipseLogger - skip non existing resourceDirectory /home/jawad/newik2200/ik2200/ycsb/YCSB-master/csd/src/main/resources
2014-12-07 02:34:29,130 [Worker-43] INFO  o.e.m.c.i.embedder.EclipseLogger - Using 'UTF-8' encoding to copy filtered resources.
2014-12-07 02:34:29,131 [Worker-43] INFO  o.e.m.c.i.embedder.EclipseLogger - skip non existing resourceDirectory /home/jawad/newik2200/ik2200/ycsb/YCSB-master/csd/src/test/resources
2014-12-07 03:01:05,478 [Worker-65] INFO  o.e.m.c.i.embedder.EclipseLogger - Using 'UTF-8' encoding to copy filtered resources.
2014-12-07 03:01:05,479 [Worker-65] INFO  o.e.m.c.i.embedder.EclipseLogger - skip non existing resourceDirectory /home/jawad/newik2200/ik2200/ycsb/YCSB-master/core/src/main/resources
2014-12-07 03:01:05,489 [Worker-65] INFO  o.e.m.c.i.embedder.EclipseLogger - Using 'UTF-8' encoding to copy filtered resources.
2014-12-07 03:01:05,490 [Worker-65] INFO  o.e.m.c.i.embedder.EclipseLogger - skip non existing resourceDirectory /home/jawad/newik2200/ik2200/ycsb/YCSB-master/core/src/test/resources
2014-12-07 03:01:05,758 [Worker-65] INFO  o.e.m.c.i.embedder.EclipseLogger - Using 'UTF-8' encoding to copy filtered resources.
2014-12-07 03:01:05,759 [Worker-65] INFO  o.e.m.c.i.embedder.EclipseLogger - skip non existing resourceDirectory /home/jawad/newik2200/ik2200/ycsb/YCSB-master/csd/src/main/resources
2014-12-07 03:01:05,767 [Worker-65] INFO  o.e.m.c.i.embedder.EclipseLogger - Using 'UTF-8' encoding to copy filtered resources.
2014-12-07 03:01:05,768 [Worker-65] INFO  o.e.m.c.i.embedder.EclipseLogger - skip non existing resourceDirectory /home/jawad/newik2200/ik2200/ycsb/YCSB-master/csd/src/test/resources
2014-12-07 04:57:25,090 [Worker-93] INFO  o.e.m.c.i.embedder.EclipseLogger - Using 'UTF-8' encoding to copy filtered resources.
2014-12-07 04:57:25,090 [Worker-93] INFO  o.e.m.c.i.embedder.EclipseLogger - skip non existing resourceDirectory /home/jawad/newik2200/ik2200/ycsb/YCSB-master/core/src/main/resources
2014-12-07 04:57:25,093 [Worker-93] INFO  o.e.m.c.i.embedder.EclipseLogger - Using 'UTF-8' encoding to copy filtered resources.
2014-12-07 04:57:25,093 [Worker-93] INFO  o.e.m.c.i.embedder.EclipseLogger - skip non existing resourceDirectory /home/jawad/newik2200/ik2200/ycsb/YCSB-master/core/src/test/resources
2014-12-07 04:57:25,317 [Worker-93] INFO  o.e.m.c.i.embedder.EclipseLogger - Using 'UTF-8' encoding to copy filtered resources.
2014-12-07 04:57:25,318 [Worker-93] INFO  o.e.m.c.i.embedder.EclipseLogger - skip non existing resourceDirectory /home/jawad/newik2200/ik2200/ycsb/YCSB-master/csd/src/main/resources
2014-12-07 04:57:25,319 [Worker-93] INFO  o.e.m.c.i.embedder.EclipseLogger - Using 'UTF-8' encoding to copy filtered resources.
2014-12-07 04:57:25,320 [Worker-93] INFO  o.e.m.c.i.embedder.EclipseLogger - skip non existing resourceDirectory /home/jawad/newik2200/ik2200/ycsb/YCSB-master/csd/src/test/resources
2014-12-07 15:44:26,066 [Worker-1] INFO  o.e.m.c.i.embedder.EclipseLogger - Using 'UTF-8' encoding to copy filtered resources.
2014-12-07 15:44:26,088 [Worker-1] INFO  o.e.m.c.i.embedder.EclipseLogger - skip non existing resourceDirectory /home/jawad/newik2200/ik2200/ycsb/YCSB-master/core/src/main/resources
2014-12-07 15:44:26,094 [Worker-1] INFO  o.e.m.c.i.embedder.EclipseLogger - Using 'UTF-8' encoding to copy filtered resources.
2014-12-07 15:44:26,095 [Worker-1] INFO  o.e.m.c.i.embedder.EclipseLogger - skip non existing resourceDirectory /home/jawad/newik2200/ik2200/ycsb/YCSB-master/core/src/test/resources
2014-12-07 15:44:26,636 [Worker-1] INFO  o.e.m.c.i.embedder.EclipseLogger - Using 'UTF-8' encoding to copy filtered resources.
2014-12-07 15:44:26,636 [Worker-1] INFO  o.e.m.c.i.embedder.EclipseLogger - skip non existing resourceDirectory /home/jawad/newik2200/ik2200/ycsb/YCSB-master/csd/src/main/resources
2014-12-07 15:44:26,638 [Worker-1] INFO  o.e.m.c.i.embedder.EclipseLogger - Using 'UTF-8' encoding to copy filtered resources.
2014-12-07 15:44:26,639 [Worker-1] INFO  o.e.m.c.i.embedder.EclipseLogger - skip non existing resourceDirectory /home/jawad/newik2200/ik2200/ycsb/YCSB-master/csd/src/test/resources
2014-12-07 16:05:49,389 [Worker-2] INFO  o.e.m.c.i.embedder.EclipseLogger - Using 'UTF-8' encoding to copy filtered resources.
2014-12-07 16:05:49,411 [Worker-2] INFO  o.e.m.c.i.embedder.EclipseLogger - skip non existing resourceDirectory /home/jawad/newik2200/ik2200/ycsb/YCSB-master/core/src/main/resources
2014-12-07 16:05:49,418 [Worker-2] INFO  o.e.m.c.i.embedder.EclipseLogger - Using 'UTF-8' encoding to copy filtered resources.
2014-12-07 16:05:49,418 [Worker-2] INFO  o.e.m.c.i.embedder.EclipseLogger - skip non existing resourceDirectory /home/jawad/newik2200/ik2200/ycsb/YCSB-master/core/src/test/resources
2014-12-07 16:05:50,763 [Worker-2] INFO  o.e.m.c.i.embedder.EclipseLogger - Using 'UTF-8' encoding to copy filtered resources.
2014-12-07 16:05:50,764 [Worker-2] INFO  o.e.m.c.i.embedder.EclipseLogger - skip non existing resourceDirectory /home/jawad/newik2200/ik2200/ycsb/YCSB-master/csd/src/main/resources
2014-12-07 16:05:50,767 [Worker-2] INFO  o.e.m.c.i.embedder.EclipseLogger - Using 'UTF-8' encoding to copy filtered resources.
2014-12-07 16:05:50,768 [Worker-2] INFO  o.e.m.c.i.embedder.EclipseLogger - skip non existing resourceDirectory /home/jawad/newik2200/ik2200/ycsb/YCSB-master/csd/src/test/resources
2014-12-10 20:34:16,145 [Worker-3] INFO  o.e.m.c.i.e.AbstractTransferListenerAdapter - Downloaded http://nexus.ape:8081/nexus/content/repositories/public/org/apache/maven/plugins/maven-assembly-plugin/2.2.1/maven-assembly-plugin-2.2.1.jar
2014-12-10 20:34:16,432 [Worker-3] INFO  o.e.m.c.i.l.LifecycleMappingFactory - Using org.eclipse.m2e.jdt.JarLifecycleMapping lifecycle mapping for MavenProject: com.yahoo.ycsb:elasticsearch-binding:0.1.4 @ /Users/anargyros.chatzaras/Documents/Development/Workspaces/Personal/ik2200/ycsb/YCSB-master/csd/pom.xml.
2014-12-10 20:34:20,032 [Worker-3] INFO  o.e.m.c.i.e.AbstractTransferListenerAdapter - Downloading https://oss.sonatype.org/content/repositories/releases/org/testng/testng/6.1.1/testng-6.1.1.pom
2014-12-10 20:34:21,252 [Worker-3] INFO  o.e.m.c.i.e.AbstractTransferListenerAdapter - Downloaded https://oss.sonatype.org/content/repositories/releases/org/testng/testng/6.1.1/testng-6.1.1.pom
2014-12-10 20:34:24,528 [Worker-3] INFO  o.e.m.c.i.e.AbstractTransferListenerAdapter - Downloaded https://oss.sonatype.org/content/repositories/releases/org/sonatype/oss/oss-parent/3/oss-parent-3.pom
2014-12-10 20:34:24,534 [Worker-3] INFO  o.e.m.c.i.e.AbstractTransferListenerAdapter - Downloaded http://nexus.ape:8081/nexus/content/repositories/public/org/sonatype/oss/oss-parent/3/oss-parent-3.pom
2014-12-10 20:34:26,356 [Worker-3] INFO  o.e.m.c.i.e.AbstractTransferListenerAdapter - Downloading https://oss.sonatype.org/content/repositories/releases/org/slf4j/slf4j-nop/1.6.4/slf4j-nop-1.6.4.pom
2014-12-10 20:34:27,806 [Worker-3] INFO  o.e.m.c.i.e.AbstractTransferListenerAdapter - Downloaded https://oss.sonatype.org/content/repositories/releases/org/slf4j/slf4j-nop/1.6.4/slf4j-nop-1.6.4.pom
2014-12-10 20:34:30,671 [Worker-3] INFO  o.e.m.c.i.e.AbstractTransferListenerAdapter - Downloaded https://oss.sonatype.org/content/repositories/releases/checkstyle/checkstyle/5.0/checkstyle-5.0.pom
2014-12-10 20:34:30,675 [Worker-3] INFO  o.e.m.c.i.e.AbstractTransferListenerAdapter - Downloaded http://nexus.ape:8081/nexus/content/repositories/public/checkstyle/checkstyle/5.0/checkstyle-5.0.pom
2014-12-10 20:34:32,466 [Worker-3] INFO  o.e.m.c.i.e.AbstractTransferListenerAdapter - Downloaded https://oss.sonatype.org/content/repositories/releases/org/jdom/jdom/1.1/jdom-1.1.pom
2014-12-10 20:34:32,470 [Worker-3] INFO  o.e.m.c.i.e.AbstractTransferListenerAdapter - Downloaded http://nexus.ape:8081/nexus/content/repositories/public/org/jdom/jdom/1.1/jdom-1.1.pom
2014-12-10 20:34:32,727 [Worker-3] INFO  o.e.m.j.i.AbstractJavaProjectConfigurator - Adding source folder /elasticsearch-binding/src/main/java
2014-12-10 20:34:32,729 [Worker-3] INFO  o.e.m.j.i.AbstractJavaProjectConfigurator - Adding source folder /elasticsearch-binding/src/test/java
2014-12-10 20:34:32,790 [Worker-3] INFO  o.e.m.c.i.p.ProjectConfigurationManager - Imported and configured 1 project(s) in 17 sec
2014-12-10 20:34:33,017 [Worker-4] INFO  o.e.m.c.i.l.LifecycleMappingFactory - Using org.eclipse.m2e.jdt.JarLifecycleMapping lifecycle mapping for MavenProject: com.yahoo.ycsb:elasticsearch-binding:0.1.4 @ /Users/anargyros.chatzaras/Documents/Development/Workspaces/Personal/ik2200/ycsb/YCSB-master/csd/pom.xml.
2014-12-10 20:36:10,676 [Worker-0] INFO  o.e.m.c.i.embedder.EclipseLogger - Using 'UTF-8' encoding to copy filtered resources.
2014-12-10 20:36:10,677 [Worker-0] INFO  o.e.m.c.i.embedder.EclipseLogger - skip non existing resourceDirectory /Users/anargyros.chatzaras/Documents/Development/Workspaces/Personal/ik2200/ycsb/YCSB-master/csd/src/main/resources
2014-12-10 20:36:10,679 [Worker-0] INFO  o.e.m.c.i.embedder.EclipseLogger - Using 'UTF-8' encoding to copy filtered resources.
2014-12-10 20:36:10,679 [Worker-0] INFO  o.e.m.c.i.embedder.EclipseLogger - skip non existing resourceDirectory /Users/anargyros.chatzaras/Documents/Development/Workspaces/Personal/ik2200/ycsb/YCSB-master/csd/src/test/resources
2014-12-10 20:37:14,560 [Worker-0] INFO  o.e.m.c.i.embedder.EclipseLogger - Using 'UTF-8' encoding to copy filtered resources.
2014-12-10 20:37:14,560 [Worker-0] INFO  o.e.m.c.i.embedder.EclipseLogger - skip non existing resourceDirectory /Users/anargyros.chatzaras/Documents/Development/Workspaces/Personal/ik2200/ycsb/YCSB-master/csd/src/main/resources
2014-12-10 20:37:14,562 [Worker-0] INFO  o.e.m.c.i.embedder.EclipseLogger - Using 'UTF-8' encoding to copy filtered resources.
2014-12-10 20:37:14,562 [Worker-0] INFO  o.e.m.c.i.embedder.EclipseLogger - skip non existing resourceDirectory /Users/anargyros.chatzaras/Documents/Development/Workspaces/Personal/ik2200/ycsb/YCSB-master/csd/src/test/resources
2014-12-10 21:12:05,040 [Worker-0] INFO  o.e.m.c.i.embedder.EclipseLogger - Using 'UTF-8' encoding to copy filtered resources.
2014-12-10 21:12:05,043 [Worker-0] INFO  o.e.m.c.i.embedder.EclipseLogger - skip non existing resourceDirectory /Users/anargyros.chatzaras/Documents/Development/Workspaces/Personal/ik2200/ycsb/YCSB-master/csd/src/main/resources
2014-12-10 21:12:05,045 [Worker-0] INFO  o.e.m.c.i.embedder.EclipseLogger - Using 'UTF-8' encoding to copy filtered resources.
2014-12-10 21:12:05,045 [Worker-0] INFO  o.e.m.c.i.embedder.EclipseLogger - skip non existing resourceDirectory /Users/anargyros.chatzaras/Documents/Development/Workspaces/Personal/ik2200/ycsb/YCSB-master/csd/src/test/resources
2014-12-10 21:23:59,345 [Worker-10] INFO  o.e.m.c.i.embedder.EclipseLogger - Using 'UTF-8' encoding to copy filtered resources.
2014-12-10 21:23:59,347 [Worker-10] INFO  o.e.m.c.i.embedder.EclipseLogger - skip non existing resourceDirectory /Users/anargyros.chatzaras/Documents/Development/Workspaces/Personal/ik2200/ycsb/YCSB-master/csd/src/main/resources
2014-12-10 21:23:59,349 [Worker-10] INFO  o.e.m.c.i.embedder.EclipseLogger - Using 'UTF-8' encoding to copy filtered resources.
2014-12-10 21:23:59,349 [Worker-10] INFO  o.e.m.c.i.embedder.EclipseLogger - skip non existing resourceDirectory /Users/anargyros.chatzaras/Documents/Development/Workspaces/Personal/ik2200/ycsb/YCSB-master/csd/src/test/resources
2014-12-11 02:20:49,190 [Worker-99] INFO  o.e.m.c.i.embedder.EclipseLogger - Using 'UTF-8' encoding to copy filtered resources.
2014-12-11 02:20:49,191 [Worker-99] INFO  o.e.m.c.i.embedder.EclipseLogger - skip non existing resourceDirectory /Users/anargyros.chatzaras/Documents/Development/Workspaces/Personal/ik2200/ycsb/YCSB-master/csd/src/main/resources
2014-12-11 02:20:49,192 [Worker-99] INFO  o.e.m.c.i.embedder.EclipseLogger - Using 'UTF-8' encoding to copy filtered resources.
2014-12-11 02:20:49,192 [Worker-99] INFO  o.e.m.c.i.embedder.EclipseLogger - skip non existing resourceDirectory /Users/anargyros.chatzaras/Documents/Development/Workspaces/Personal/ik2200/ycsb/YCSB-master/csd/src/test/resources
2014-12-11 02:35:03,397 [Worker-112] INFO  o.e.m.c.i.embedder.EclipseLogger - Using 'UTF-8' encoding to copy filtered resources.
2014-12-11 02:35:03,398 [Worker-112] INFO  o.e.m.c.i.embedder.EclipseLogger - skip non existing resourceDirectory /Users/anargyros.chatzaras/Documents/Development/Workspaces/Personal/ik2200/ycsb/YCSB-master/csd/src/main/resources
2014-12-11 02:35:03,399 [Worker-112] INFO  o.e.m.c.i.embedder.EclipseLogger - Using 'UTF-8' encoding to copy filtered resources.
2014-12-11 02:35:03,399 [Worker-112] INFO  o.e.m.c.i.embedder.EclipseLogger - skip non existing resourceDirectory /Users/anargyros.chatzaras/Documents/Development/Workspaces/Personal/ik2200/ycsb/YCSB-master/csd/src/test/resources
2014-12-11 02:47:14,012 [Worker-114] INFO  o.e.m.c.i.embedder.EclipseLogger - Using 'UTF-8' encoding to copy filtered resources.
2014-12-11 02:47:14,013 [Worker-114] INFO  o.e.m.c.i.embedder.EclipseLogger - skip non existing resourceDirectory /Users/anargyros.chatzaras/Documents/Development/Workspaces/Personal/ik2200/ycsb/YCSB-master/csd/src/main/resources
2014-12-11 02:47:14,014 [Worker-114] INFO  o.e.m.c.i.embedder.EclipseLogger - Using 'UTF-8' encoding to copy filtered resources.
2014-12-11 02:47:14,014 [Worker-114] INFO  o.e.m.c.i.embedder.EclipseLogger - skip non existing resourceDirectory /Users/anargyros.chatzaras/Documents/Development/Workspaces/Personal/ik2200/ycsb/YCSB-master/csd/src/test/resources
2014-12-11 19:48:01,542 [Worker-3] INFO  o.e.m.c.i.embedder.EclipseLogger - Using 'UTF-8' encoding to copy filtered resources.
2014-12-11 19:48:01,545 [Worker-3] INFO  o.e.m.c.i.embedder.EclipseLogger - skip non existing resourceDirectory /Users/anargyros.chatzaras/Documents/Development/Workspaces/Personal/ik2200/ycsb/YCSB-master/csd/src/main/resources
2014-12-11 19:48:01,547 [Worker-3] INFO  o.e.m.c.i.embedder.EclipseLogger - Using 'UTF-8' encoding to copy filtered resources.
2014-12-11 19:48:01,547 [Worker-3] INFO  o.e.m.c.i.embedder.EclipseLogger - skip non existing resourceDirectory /Users/anargyros.chatzaras/Documents/Development/Workspaces/Personal/ik2200/ycsb/YCSB-master/csd/src/test/resources
2014-12-11 20:30:18,908 [main] INFO  o.e.m.c.i.e.AbstractTransferListenerAdapter - Downloaded http://repo.maven.apache.org/maven2/KTHDBClient/com.kth.csd/1.0/com.kth.csd-1.0.pom
2014-12-11 20:30:18,920 [main] ERROR o.e.m.c.u.i.actions.OpenPomAction - Could not resolve artifact KTHDBClient:com.kth.csd:pom:1.0
org.eclipse.core.runtime.CoreException: Could not resolve artifact KTHDBClient:com.kth.csd:pom:1.0
	at org.eclipse.m2e.core.internal.embedder.MavenImpl$5.call(MavenImpl.java:769) ~[org.eclipse.m2e.core_1.5.0.20140606-0033.jar:na]
	at org.eclipse.m2e.core.internal.embedder.MavenImpl$5.call(MavenImpl.java:1) ~[org.eclipse.m2e.core_1.5.0.20140606-0033.jar:na]
	at org.eclipse.m2e.core.internal.embedder.MavenExecutionContext.executeBare(MavenExecutionContext.java:166) ~[org.eclipse.m2e.core_1.5.0.20140606-0033.jar:na]
	at org.eclipse.m2e.core.internal.embedder.MavenExecutionContext.execute(MavenExecutionContext.java:142) ~[org.eclipse.m2e.core_1.5.0.20140606-0033.jar:na]
	at org.eclipse.m2e.core.internal.embedder.MavenExecutionContext.execute(MavenExecutionContext.java:96) ~[org.eclipse.m2e.core_1.5.0.20140606-0033.jar:na]
	at org.eclipse.m2e.core.internal.embedder.MavenImpl.resolve(MavenImpl.java:736) ~[org.eclipse.m2e.core_1.5.0.20140606-0033.jar:na]
	at org.eclipse.m2e.core.internal.embedder.MavenImpl.resolve(MavenImpl.java:713) ~[org.eclipse.m2e.core_1.5.0.20140606-0033.jar:na]
	at org.eclipse.m2e.core.ui.internal.actions.OpenPomAction.openEditor(OpenPomAction.java:211) ~[org.eclipse.m2e.core.ui_1.5.0.20140606-0033.jar:na]
	at org.eclipse.m2e.editor.pom.DependencyTreePage$9.open(DependencyTreePage.java:431) [org.eclipse.m2e.editor_1.5.0.20140606-0033.jar:na]
	at org.eclipse.jface.viewers.StructuredViewer$2.run(StructuredViewer.java:853) [org.eclipse.jface_3.10.1.v20140813-1009.jar:na]
	at org.eclipse.core.runtime.SafeRunner.run(SafeRunner.java:42) [org.eclipse.equinox.common_3.6.200.v20130402-1505.jar:na]
	at org.eclipse.ui.internal.JFaceUtil$1.run(JFaceUtil.java:50) [org.eclipse.ui.workbench_3.106.1.v20140827-1737.jar:na]
	at org.eclipse.jface.util.SafeRunnable.run(SafeRunnable.java:178) [org.eclipse.jface_3.10.1.v20140813-1009.jar:na]
	at org.eclipse.jface.viewers.StructuredViewer.fireOpen(StructuredViewer.java:850) [org.eclipse.jface_3.10.1.v20140813-1009.jar:na]
	at org.eclipse.jface.viewers.StructuredViewer.handleOpen(StructuredViewer.java:1142) [org.eclipse.jface_3.10.1.v20140813-1009.jar:na]
	at org.eclipse.jface.viewers.StructuredViewer$6.handleOpen(StructuredViewer.java:1249) [org.eclipse.jface_3.10.1.v20140813-1009.jar:na]
	at org.eclipse.jface.util.OpenStrategy.fireOpenEvent(OpenStrategy.java:278) [org.eclipse.jface_3.10.1.v20140813-1009.jar:na]
	at org.eclipse.jface.util.OpenStrategy.access$2(OpenStrategy.java:272) [org.eclipse.jface_3.10.1.v20140813-1009.jar:na]
	at org.eclipse.jface.util.OpenStrategy$1.handleEvent(OpenStrategy.java:313) [org.eclipse.jface_3.10.1.v20140813-1009.jar:na]
	at org.eclipse.swt.widgets.EventTable.sendEvent(EventTable.java:84) [org.eclipse.swt.cocoa.macosx.x86_64_3.103.1.v20140903-1947.jar:na]
	at org.eclipse.swt.widgets.Display.sendEvent(Display.java:4188) [org.eclipse.swt.cocoa.macosx.x86_64_3.103.1.v20140903-1947.jar:na]
	at org.eclipse.swt.widgets.Widget.sendEvent(Widget.java:1467) [org.eclipse.swt.cocoa.macosx.x86_64_3.103.1.v20140903-1947.jar:na]
	at org.eclipse.swt.widgets.Widget.sendEvent(Widget.java:1490) [org.eclipse.swt.cocoa.macosx.x86_64_3.103.1.v20140903-1947.jar:na]
	at org.eclipse.swt.widgets.Widget.sendEvent(Widget.java:1475) [org.eclipse.swt.cocoa.macosx.x86_64_3.103.1.v20140903-1947.jar:na]
	at org.eclipse.swt.widgets.Widget.notifyListeners(Widget.java:1279) [org.eclipse.swt.cocoa.macosx.x86_64_3.103.1.v20140903-1947.jar:na]
	at org.eclipse.swt.widgets.Display.runDeferredEvents(Display.java:4031) [org.eclipse.swt.cocoa.macosx.x86_64_3.103.1.v20140903-1947.jar:na]
	at org.eclipse.swt.widgets.Display.readAndDispatch(Display.java:3658) [org.eclipse.swt.cocoa.macosx.x86_64_3.103.1.v20140903-1947.jar:na]
	at org.eclipse.e4.ui.internal.workbench.swt.PartRenderingEngine$9.run(PartRenderingEngine.java:1151) [org.eclipse.e4.ui.workbench.swt_0.12.100.v20140530-1436.jar:na]
	at org.eclipse.core.databinding.observable.Realm.runWithDefault(Realm.java:332) [org.eclipse.core.databinding.observable_1.4.1.v20140210-1835.jar:na]
	at org.eclipse.e4.ui.internal.workbench.swt.PartRenderingEngine.run(PartRenderingEngine.java:1032) [org.eclipse.e4.ui.workbench.swt_0.12.100.v20140530-1436.jar:na]
	at org.eclipse.e4.ui.internal.workbench.E4Workbench.createAndRunUI(E4Workbench.java:148) [org.eclipse.e4.ui.workbench_1.2.1.v20140901-1244.jar:na]
	at org.eclipse.ui.internal.Workbench$5.run(Workbench.java:636) [org.eclipse.ui.workbench_3.106.1.v20140827-1737.jar:na]
	at org.eclipse.core.databinding.observable.Realm.runWithDefault(Realm.java:332) [org.eclipse.core.databinding.observable_1.4.1.v20140210-1835.jar:na]
	at org.eclipse.ui.internal.Workbench.createAndRunWorkbench(Workbench.java:579) [org.eclipse.ui.workbench_3.106.1.v20140827-1737.jar:na]
	at org.eclipse.ui.PlatformUI.createAndRunWorkbench(PlatformUI.java:150) [org.eclipse.ui.workbench_3.106.1.v20140827-1737.jar:na]
	at org.eclipse.ui.internal.ide.application.IDEApplication.start(IDEApplication.java:135) [org.eclipse.ui.ide.application_1.0.500.v20140514-2033.jar:na]
	at org.eclipse.equinox.internal.app.EclipseAppHandle.run(EclipseAppHandle.java:196) [org.eclipse.equinox.app_1.3.200.v20130910-1609.jar:na]
	at org.eclipse.core.runtime.internal.adaptor.EclipseAppLauncher.runApplication(EclipseAppLauncher.java:134) [org.eclipse.osgi_3.10.1.v20140909-1633.jar:na]
	at org.eclipse.core.runtime.internal.adaptor.EclipseAppLauncher.start(EclipseAppLauncher.java:104) [org.eclipse.osgi_3.10.1.v20140909-1633.jar:na]
	at org.eclipse.core.runtime.adaptor.EclipseStarter.run(EclipseStarter.java:380) [org.eclipse.osgi_3.10.1.v20140909-1633.jar:na]
	at org.eclipse.core.runtime.adaptor.EclipseStarter.run(EclipseStarter.java:235) [org.eclipse.osgi_3.10.1.v20140909-1633.jar:na]
	at sun.reflect.NativeMethodAccessorImpl.invoke0(Native Method) ~[na:1.8.0_25]
	at sun.reflect.NativeMethodAccessorImpl.invoke(NativeMethodAccessorImpl.java:62) ~[na:1.8.0_25]
	at sun.reflect.DelegatingMethodAccessorImpl.invoke(DelegatingMethodAccessorImpl.java:43) ~[na:1.8.0_25]
	at java.lang.reflect.Method.invoke(Method.java:483) ~[na:1.8.0_25]
	at org.eclipse.equinox.launcher.Main.invokeFramework(Main.java:648) [org.eclipse.equinox.launcher_1.3.0.v20140415-2008.jar:na]
	at org.eclipse.equinox.launcher.Main.basicRun(Main.java:603) [org.eclipse.equinox.launcher_1.3.0.v20140415-2008.jar:na]
	at org.eclipse.equinox.launcher.Main.run(Main.java:1465) [org.eclipse.equinox.launcher_1.3.0.v20140415-2008.jar:na]
2014-12-11 20:31:11,257 [main] INFO  o.e.m2e.actions.ExecutePomAction - Creating new launch configuration
2014-12-11 20:31:25,431 [Worker-13] INFO  o.e.m.i.launch.MavenLaunchDelegate - /Users/anargyros.chatzaras/Documents/Development/Workspaces/Personal/ik2200/ycsb/YCSB-master/csd
2014-12-11 20:31:25,432 [Worker-13] INFO  o.e.m.i.launch.MavenLaunchDelegate -  mvn  -B clean package
2014-12-11 20:31:27,812 [Worker-5] INFO  o.e.m.c.i.l.LifecycleMappingFactory - Using org.eclipse.m2e.jdt.JarLifecycleMapping lifecycle mapping for MavenProject: com.yahoo.ycsb:elasticsearch-binding:0.1.4 @ /Users/anargyros.chatzaras/Documents/Development/Workspaces/Personal/ik2200/ycsb/YCSB-master/csd/pom.xml.
2014-12-11 20:32:09,120 [Worker-8] INFO  o.e.m.c.i.l.LifecycleMappingFactory - Using org.eclipse.m2e.jdt.JarLifecycleMapping lifecycle mapping for MavenProject: com.yahoo.ycsb:elasticsearch-binding:0.1.4 @ /Users/anargyros.chatzaras/Documents/Development/Workspaces/Personal/ik2200/ycsb/YCSB-master/csd/pom.xml.
2014-12-11 20:32:18,393 [main] INFO  o.e.m2e.actions.ExecutePomAction - Using existing launch configuration
2014-12-11 20:32:18,439 [Worker-5] INFO  o.e.m.i.launch.MavenLaunchDelegate - /Users/anargyros.chatzaras/Documents/Development/Workspaces/Personal/ik2200/ycsb/YCSB-master/csd
2014-12-11 20:32:18,439 [Worker-5] INFO  o.e.m.i.launch.MavenLaunchDelegate -  mvn  -B clean package
2014-12-11 20:32:46,676 [Worker-9] INFO  o.e.m.i.launch.MavenLaunchDelegate - /Users/anargyros.chatzaras/Documents/Development/Workspaces/Personal/ik2200/ycsb/YCSB-master/csd
2014-12-11 20:32:46,677 [Worker-9] INFO  o.e.m.i.launch.MavenLaunchDelegate -  mvn  -B clean package
2014-12-11 20:33:30,091 [Worker-5] INFO  o.e.m.c.i.embedder.EclipseLogger - Using 'UTF-8' encoding to copy filtered resources.
2014-12-11 20:33:30,092 [Worker-5] INFO  o.e.m.c.i.embedder.EclipseLogger - skip non existing resourceDirectory /Users/anargyros.chatzaras/Documents/Development/Workspaces/Personal/ik2200/ycsb/YCSB-master/csd/src/main/resources
2014-12-11 20:33:30,095 [Worker-5] INFO  o.e.m.c.i.embedder.EclipseLogger - Using 'UTF-8' encoding to copy filtered resources.
2014-12-11 20:33:30,095 [Worker-5] INFO  o.e.m.c.i.embedder.EclipseLogger - skip non existing resourceDirectory /Users/anargyros.chatzaras/Documents/Development/Workspaces/Personal/ik2200/ycsb/YCSB-master/csd/src/test/resources
2014-12-11 20:37:20,070 [Worker-3] INFO  o.e.m.c.i.embedder.EclipseLogger - Using 'UTF-8' encoding to copy filtered resources.
2014-12-11 20:37:20,070 [Worker-3] INFO  o.e.m.c.i.embedder.EclipseLogger - skip non existing resourceDirectory /Users/anargyros.chatzaras/Documents/Development/Workspaces/Personal/ik2200/ycsb/YCSB-master/csd/src/main/resources
2014-12-11 20:37:20,072 [Worker-3] INFO  o.e.m.c.i.embedder.EclipseLogger - Using 'UTF-8' encoding to copy filtered resources.
2014-12-11 20:37:20,072 [Worker-3] INFO  o.e.m.c.i.embedder.EclipseLogger - skip non existing resourceDirectory /Users/anargyros.chatzaras/Documents/Development/Workspaces/Personal/ik2200/ycsb/YCSB-master/csd/src/test/resources
2014-12-11 20:37:52,126 [Worker-9] INFO  o.e.m.c.i.embedder.EclipseLogger - Using 'UTF-8' encoding to copy filtered resources.
2014-12-11 20:37:52,126 [Worker-9] INFO  o.e.m.c.i.embedder.EclipseLogger - skip non existing resourceDirectory /Users/anargyros.chatzaras/Documents/Development/Workspaces/Personal/ik2200/ycsb/YCSB-master/csd/src/main/resources
2014-12-11 20:37:52,127 [Worker-9] INFO  o.e.m.c.i.embedder.EclipseLogger - Using 'UTF-8' encoding to copy filtered resources.
2014-12-11 20:37:52,127 [Worker-9] INFO  o.e.m.c.i.embedder.EclipseLogger - skip non existing resourceDirectory /Users/anargyros.chatzaras/Documents/Development/Workspaces/Personal/ik2200/ycsb/YCSB-master/csd/src/test/resources
